==================================================
新的聊天请求
用户输入: 请问有什么内容？
会话ID: 114
------------------------------
get history from cache:
[{'role': 'user', 'content': '你好'}, {'role': 'assistant', 'content': '为了开始审核工作，我需要你提供招标书和应标书的部分内容。请将《招标书》中的相关要求和《应标书》中的相应内容分别提供给我，这样我才能进行逐一核对和提出审核意见。'}]
HTTP Request: POST https://open.bigmodel.cn/api/paas/v4/chat/completions "HTTP/1.1 200 OK"
优化后的查询: 为了优化这个招投标相关的查询，以下是优化后的版本：

"请提供以下招投标文件内容的详细信息：招标公告、投标邀请书、招标文件、合同范本、投标须知、技术规格书、资格审查标准等，并需包含具体的项目名称、招标范围、投标截止日期等相关关键信息。"
session_id: 114
搜索会话 114 的文档，查询: 为了优化这个招投标相关的查询，以下是优化后的版本：

"请提供以下招投标文件内容的详细信息：招标公告、投标邀请书、招标文件、合同范本、投标须知、技术规格书、资格审查标准等，并需包含具体的项目名称、招标范围、投标截止日期等相关关键信息。"
查询文本(query): 为了优化这个招投标相关的查询，以下是优化后的版本：

"请提供以下招投标文件内容的详细信息：招标公告、投标邀请书、招标文件、合同范本、投标须知、技术规格书、资格审查标准等，并需包含具体的项目名称、招标范围、投标截止日期等相关关键信息。"
HTTP Request: POST https://open.bigmodel.cn/api/paas/v4/embeddings "HTTP/1.1 200 OK"
查询 == 为了优化这个招投标相关的查询，以下是优化后的版本：

"请提供以下招投标文件内容的详细信息：招标公告、投标邀请书、招标文件、合同范本、投标须知、技术规格书、资格审查标准等，并需包含具体的项目名称、招标范围、投标截止日期等相关关键信息。"
加载向量存储: /Users/charn/Desktop/qualificationReview/backend/media/vector_store/doc_17.faiss
检索到 2 条结果
检索结果: [{'content': '一、投标报价函\n致： 江山市铖兴置业有限公司（招标人） ：\n1、根据已收到的 通禄门未来社区-城中路商住综合体(H1-2、H2-1地块)\n招标文件，我单位经过澄清疑问，充分理解并掌握本项目招标的全部有关情况。\n现经我单位认真分析研究，同意接受招标文件的全部条件并按此确定本项目投标\n的各项要约内容，以本投标文件向你方发包的 通禄门未来社区-城中路商住综\n合体(H1-2、H2-1地块) 招标文件全部内容进行投标，我单位投标的折扣报价为\n80.00 %（最多保留2为小数）；工期超出9个月部分的监测费用报价完全响应招\n标人要求。\n承诺按照招标文件要求承包上述项目的锚杆检测、基坑支护监测工作，并承\n担相应责任。\n2、如果我单位中标，将派出 吴黎明 为项目负责人，身份证号码：\n412825198510290534 、注册证号为 AY155100954 、联系电话 15190200096 。\n3、如我单位中标，我单位承诺在招标文件规定的时间内与发包人签订合同，\n并递交履约保证金，履行规定的一切责任和义务。\n4、如我单位中标，在工期方面我公司保证按合同签订的工期完成交办的单\n个工程的检测或监测任务，否则，按招标文件规定接受处罚。\n5、如我单位中标，我单位将严格按国家现行相关技术规范、标准及我单位\n制定的检测和监测方案工作，在保证质量、确保安全的前提下，按期交付检测和\n监测报告。\n6、我单位同意所递交的投标文件在招标文件规定的投标有效期内有效，在\n此有效期内，全部条款内容对我单位具有约束力。\n7、除非另外达成协议并生效，贵方的中标通知书和本投标文件将成为约束\n双方的合同文件的组成部分。\n投标人： 浙江瑞邦科特检测有限公司 （盖章）\n法定代表人： （签字、盖章）\n地址： 浙江省杭州市余杭区闲林街道里东路 39 号 1 幢 0801 室\n日期： 2024 年 10 月 17 日', 'metadata': {}, 'score': 0.9851283}, {'content': '通禄门未来社区-城中路商住综合体(H1-2、H2-1地块)\n（项目名称）\n投 标 文 件\n（商务标资料）\n投标人： 浙江瑞邦科特检测有限公司 （盖单位章）\n法定代表人： （签字或盖章）\n2024 年 10 月 17 日', 'metadata': {}, 'score': 1.2902124}]
找到 2 条相关内容
检索到的相关文档: [{'content': '通禄门未来社区-城中路商住综合体(H1-2、H2-1地块)\n（项目名称）\n投 标 文 件\n（商务标资料）\n投标人： 浙江瑞邦科特检测有限公司 （盖单位章）\n法定代表人： （签字或盖章）\n2024 年 10 月 17 日', 'metadata': {}, 'score': 1.2902124, 'document_title': '商务标.pdf'}, {'content': '一、投标报价函\n致： 江山市铖兴置业有限公司（招标人） ：\n1、根据已收到的 通禄门未来社区-城中路商住综合体(H1-2、H2-1地块)\n招标文件，我单位经过澄清疑问，充分理解并掌握本项目招标的全部有关情况。\n现经我单位认真分析研究，同意接受招标文件的全部条件并按此确定本项目投标\n的各项要约内容，以本投标文件向你方发包的 通禄门未来社区-城中路商住综\n合体(H1-2、H2-1地块) 招标文件全部内容进行投标，我单位投标的折扣报价为\n80.00 %（最多保留2为小数）；工期超出9个月部分的监测费用报价完全响应招\n标人要求。\n承诺按照招标文件要求承包上述项目的锚杆检测、基坑支护监测工作，并承\n担相应责任。\n2、如果我单位中标，将派出 吴黎明 为项目负责人，身份证号码：\n412825198510290534 、注册证号为 AY155100954 、联系电话 15190200096 。\n3、如我单位中标，我单位承诺在招标文件规定的时间内与发包人签订合同，\n并递交履约保证金，履行规定的一切责任和义务。\n4、如我单位中标，在工期方面我公司保证按合同签订的工期完成交办的单\n个工程的检测或监测任务，否则，按招标文件规定接受处罚。\n5、如我单位中标，我单位将严格按国家现行相关技术规范、标准及我单位\n制定的检测和监测方案工作，在保证质量、确保安全的前提下，按期交付检测和\n监测报告。\n6、我单位同意所递交的投标文件在招标文件规定的投标有效期内有效，在\n此有效期内，全部条款内容对我单位具有约束力。\n7、除非另外达成协议并生效，贵方的中标通知书和本投标文件将成为约束\n双方的合同文件的组成部分。\n投标人： 浙江瑞邦科特检测有限公司 （盖章）\n法定代表人： （签字、盖章）\n地址： 浙江省杭州市余杭区闲林街道里东路 39 号 1 幢 0801 室\n日期： 2024 年 10 月 17 日', 'metadata': {}, 'score': 0.9851283, 'document_title': '商务标.pdf'}]
构建的上下文: 在《商务标.pdf》中找到相关内容：
通禄门未来社区-城中路商住综合体(H1-2、H2-1地块)
（项目名称）
投 标 文 件
（商务标资料）
投标人： 浙江瑞邦科特检测有限公司 （盖单位章）
法定代表人： （签字或盖章）
2024 年 10 月 17 日

在《商务标.pdf》中找到相关内容：
一、投标报价函
致： 江山市铖兴置业有限公司（招标人） ：
1、根据已收到的 通禄门未来社区-城中路商住综合体(H1-2、H2-1地块)
招标文件，我单位经过澄清疑问，充分理解并掌握本项目招标的全部有关情况。
现经我单位认真分析研究，同意接受招标文件的全部条件并按此确定本项目投标
的各项要约内容，以本投标文件向你方发包的 通禄门未来社区-城中路商住综
合体(H1-2、H2-1地块) 招标文件全部内容进行投标，我单位投标的折扣报价为
80.00 %（最多保留2为小数）；工期超出9个月部分的监测费用报价完全响应招
标人要求。
承诺按照招标文件要求承包上述项目的锚杆检测、基坑支护监测工作，并承
担相应责任。
2、如果我单位中标，将派出 吴黎明 为项目负责人，身份证号码：
412825198510290534 、注册证号为 AY155100954 、联系电话 15190200096 。
3、如我单位中标，我单位承诺在招标文件规定的时间内与发包人签订合同，
并递交履约保证金，履行规定的一切责任和义务。
4、如我单位中标，在工期方面我公司保证按合同签订的工期完成交办的单
个工程的检测或监测任务，否则，按招标文件规定接受处罚。
5、如我单位中标，我单位将严格按国家现行相关技术规范、标准及我单位
制定的检测和监测方案工作，在保证质量、确保安全的前提下，按期交付检测和
监测报告。
6、我单位同意所递交的投标文件在招标文件规定的投标有效期内有效，在
此有效期内，全部条款内容对我单位具有约束力。
7、除非另外达成协议并生效，贵方的中标通知书和本投标文件将成为约束
双方的合同文件的组成部分。
投标人： 浙江瑞邦科特检测有限公司 （盖章）
法定代表人： （签字、盖章）
地址： 浙江省杭州市余杭区闲林街道里东路 39 号 1 幢 0801 室
日期： 2024 年 10 月 17 日
尝试加载模板文件: expert.txt from /Users/charn/Desktop/qualificationReview/backend/chatbot/prompt_templetes/expert.txt
sending messages: [{'role': 'system', 'content': '你是一位招标审核专家，你的任务是根据招标书的部分内容审核应标书的部分内容是否达到要求，并针对不符合要求的部分提出修改意见。\n\n首先，请仔细阅读以下招标书的部分内容：\n<招标书>\n{invitation}\n</招标书>\n\n然后，请阅读应标书的部分内容：\n<应标书>\n{offer}\n</应标书>\n\n在审核时，请按照以下标准和流程进行：\n1. 逐一核对招标书中提出的各项要求（如技术规格、服务内容、资质条件等）与应标书中对应的内容。\n2. 对于应标书中与招标书要求不符的部分，记录下来。\n\n请开始你的审核工作。'}, {'role': 'user', 'content': '你好'}, {'role': 'assistant', 'content': '为了开始审核工作，我需要你提供招标书和应标书的部分内容。请将《招标书》中的相关要求和《应标书》中的相应内容分别提供给我，这样我才能进行逐一核对和提出审核意见。'}, {'role': 'user', 'content': '请问有什么内容？'}, {'role': 'user', 'content': '请问有什么内容？'}]
------------------------------
HTTP Request: POST https://open.bigmodel.cn/api/paas/v4/chat/completions "HTTP/1.1 200 OK"
获取当前用户的所有会话
root (管理员)
获取当前用户的所有会话
root (管理员)
PDF文件已保存，ID: 18
文档分割完成，共 2 个块
HTTP Request: POST https://open.bigmodel.cn/api/paas/v4/embeddings "HTTP/1.1 200 OK"
HTTP Request: POST https://open.bigmodel.cn/api/paas/v4/embeddings "HTTP/1.1 200 OK"
向量存储已创建: /Users/charn/Desktop/qualificationReview/backend/media/vector_store/doc_18.faiss
==================================================
新的聊天请求
用户输入: 有什么内容？
会话ID: 115
------------------------------
get history from cache:
None
缓存未命中，从数据库重建对话历史
从数据库重建对话历史，共 0 条消息
[]
------------------------------
HTTP Request: POST https://open.bigmodel.cn/api/paas/v4/chat/completions "HTTP/1.1 200 OK"
优化后的查询: 为了优化您的招投标相关查询，以下是一个结构化、专业化的查询示例：

请提供以下招标文件的详细内容：
- 项目名称
- 招标编号
- 招标范围
- 投标资格要求
- 投标文件要求
- 开标时间与地点
- 联系方式及联系人
- 评标标准与方法
- 合同主要条款
- 附件（如有）

请注意，此查询假设您已经知道具体的招标项目名称或编号。
session_id: 115
搜索会话 115 的文档，查询: 为了优化您的招投标相关查询，以下是一个结构化、专业化的查询示例：

请提供以下招标文件的详细内容：
- 项目名称
- 招标编号
- 招标范围
- 投标资格要求
- 投标文件要求
- 开标时间与地点
- 联系方式及联系人
- 评标标准与方法
- 合同主要条款
- 附件（如有）

请注意，此查询假设您已经知道具体的招标项目名称或编号。
查询文本(query): 为了优化您的招投标相关查询，以下是一个结构化、专业化的查询示例：

请提供以下招标文件的详细内容：
- 项目名称
- 招标编号
- 招标范围
- 投标资格要求
- 投标文件要求
- 开标时间与地点
- 联系方式及联系人
- 评标标准与方法
- 合同主要条款
- 附件（如有）

请注意，此查询假设您已经知道具体的招标项目名称或编号。
HTTP Request: POST https://open.bigmodel.cn/api/paas/v4/embeddings "HTTP/1.1 200 OK"
查询 == 为了优化您的招投标相关查询，以下是一个结构化、专业化的查询示例：

请提供以下招标文件的详细内容：
- 项目名称
- 招标编号
- 招标范围
- 投标资格要求
- 投标文件要求
- 开标时间与地点
- 联系方式及联系人
- 评标标准与方法
- 合同主要条款
- 附件（如有）

请注意，此查询假设您已经知道具体的招标项目名称或编号。
加载向量存储: /Users/charn/Desktop/qualificationReview/backend/media/vector_store/doc_18.faiss
检索到 2 条结果
检索结果: [{'content': '一、投标报价函\n致： 江山市铖兴置业有限公司（招标人） ：\n1、根据已收到的 通禄门未来社区-城中路商住综合体(H1-2、H2-1地块)\n招标文件，我单位经过澄清疑问，充分理解并掌握本项目招标的全部有关情况。\n现经我单位认真分析研究，同意接受招标文件的全部条件并按此确定本项目投标\n的各项要约内容，以本投标文件向你方发包的 通禄门未来社区-城中路商住综\n合体(H1-2、H2-1地块) 招标文件全部内容进行投标，我单位投标的折扣报价为\n80.00 %（最多保留2为小数）；工期超出9个月部分的监测费用报价完全响应招\n标人要求。\n承诺按照招标文件要求承包上述项目的锚杆检测、基坑支护监测工作，并承\n担相应责任。\n2、如果我单位中标，将派出 吴黎明 为项目负责人，身份证号码：\n412825198510290534 、注册证号为 AY155100954 、联系电话 15190200096 。\n3、如我单位中标，我单位承诺在招标文件规定的时间内与发包人签订合同，\n并递交履约保证金，履行规定的一切责任和义务。\n4、如我单位中标，在工期方面我公司保证按合同签订的工期完成交办的单\n个工程的检测或监测任务，否则，按招标文件规定接受处罚。\n5、如我单位中标，我单位将严格按国家现行相关技术规范、标准及我单位\n制定的检测和监测方案工作，在保证质量、确保安全的前提下，按期交付检测和\n监测报告。\n6、我单位同意所递交的投标文件在招标文件规定的投标有效期内有效，在\n此有效期内，全部条款内容对我单位具有约束力。\n7、除非另外达成协议并生效，贵方的中标通知书和本投标文件将成为约束\n双方的合同文件的组成部分。\n投标人： 浙江瑞邦科特检测有限公司 （盖章）\n法定代表人： （签字、盖章）\n地址： 浙江省杭州市余杭区闲林街道里东路 39 号 1 幢 0801 室\n日期： 2024 年 10 月 17 日', 'metadata': {}, 'score': 0.96119773}, {'content': '通禄门未来社区-城中路商住综合体(H1-2、H2-1地块)\n（项目名称）\n投 标 文 件\n（商务标资料）\n投标人： 浙江瑞邦科特检测有限公司 （盖单位章）\n法定代表人： （签字或盖章）\n2024 年 10 月 17 日', 'metadata': {}, 'score': 1.2634643}]
找到 2 条相关内容
检索到的相关文档: [{'content': '通禄门未来社区-城中路商住综合体(H1-2、H2-1地块)\n（项目名称）\n投 标 文 件\n（商务标资料）\n投标人： 浙江瑞邦科特检测有限公司 （盖单位章）\n法定代表人： （签字或盖章）\n2024 年 10 月 17 日', 'metadata': {}, 'score': 1.2634643, 'document_title': '商务标.pdf'}, {'content': '一、投标报价函\n致： 江山市铖兴置业有限公司（招标人） ：\n1、根据已收到的 通禄门未来社区-城中路商住综合体(H1-2、H2-1地块)\n招标文件，我单位经过澄清疑问，充分理解并掌握本项目招标的全部有关情况。\n现经我单位认真分析研究，同意接受招标文件的全部条件并按此确定本项目投标\n的各项要约内容，以本投标文件向你方发包的 通禄门未来社区-城中路商住综\n合体(H1-2、H2-1地块) 招标文件全部内容进行投标，我单位投标的折扣报价为\n80.00 %（最多保留2为小数）；工期超出9个月部分的监测费用报价完全响应招\n标人要求。\n承诺按照招标文件要求承包上述项目的锚杆检测、基坑支护监测工作，并承\n担相应责任。\n2、如果我单位中标，将派出 吴黎明 为项目负责人，身份证号码：\n412825198510290534 、注册证号为 AY155100954 、联系电话 15190200096 。\n3、如我单位中标，我单位承诺在招标文件规定的时间内与发包人签订合同，\n并递交履约保证金，履行规定的一切责任和义务。\n4、如我单位中标，在工期方面我公司保证按合同签订的工期完成交办的单\n个工程的检测或监测任务，否则，按招标文件规定接受处罚。\n5、如我单位中标，我单位将严格按国家现行相关技术规范、标准及我单位\n制定的检测和监测方案工作，在保证质量、确保安全的前提下，按期交付检测和\n监测报告。\n6、我单位同意所递交的投标文件在招标文件规定的投标有效期内有效，在\n此有效期内，全部条款内容对我单位具有约束力。\n7、除非另外达成协议并生效，贵方的中标通知书和本投标文件将成为约束\n双方的合同文件的组成部分。\n投标人： 浙江瑞邦科特检测有限公司 （盖章）\n法定代表人： （签字、盖章）\n地址： 浙江省杭州市余杭区闲林街道里东路 39 号 1 幢 0801 室\n日期： 2024 年 10 月 17 日', 'metadata': {}, 'score': 0.96119773, 'document_title': '商务标.pdf'}]
构建的上下文: 在《商务标.pdf》中找到相关内容：
通禄门未来社区-城中路商住综合体(H1-2、H2-1地块)
（项目名称）
投 标 文 件
（商务标资料）
投标人： 浙江瑞邦科特检测有限公司 （盖单位章）
法定代表人： （签字或盖章）
2024 年 10 月 17 日

在《商务标.pdf》中找到相关内容：
一、投标报价函
致： 江山市铖兴置业有限公司（招标人） ：
1、根据已收到的 通禄门未来社区-城中路商住综合体(H1-2、H2-1地块)
招标文件，我单位经过澄清疑问，充分理解并掌握本项目招标的全部有关情况。
现经我单位认真分析研究，同意接受招标文件的全部条件并按此确定本项目投标
的各项要约内容，以本投标文件向你方发包的 通禄门未来社区-城中路商住综
合体(H1-2、H2-1地块) 招标文件全部内容进行投标，我单位投标的折扣报价为
80.00 %（最多保留2为小数）；工期超出9个月部分的监测费用报价完全响应招
标人要求。
承诺按照招标文件要求承包上述项目的锚杆检测、基坑支护监测工作，并承
担相应责任。
2、如果我单位中标，将派出 吴黎明 为项目负责人，身份证号码：
412825198510290534 、注册证号为 AY155100954 、联系电话 15190200096 。
3、如我单位中标，我单位承诺在招标文件规定的时间内与发包人签订合同，
并递交履约保证金，履行规定的一切责任和义务。
4、如我单位中标，在工期方面我公司保证按合同签订的工期完成交办的单
个工程的检测或监测任务，否则，按招标文件规定接受处罚。
5、如我单位中标，我单位将严格按国家现行相关技术规范、标准及我单位
制定的检测和监测方案工作，在保证质量、确保安全的前提下，按期交付检测和
监测报告。
6、我单位同意所递交的投标文件在招标文件规定的投标有效期内有效，在
此有效期内，全部条款内容对我单位具有约束力。
7、除非另外达成协议并生效，贵方的中标通知书和本投标文件将成为约束
双方的合同文件的组成部分。
投标人： 浙江瑞邦科特检测有限公司 （盖章）
法定代表人： （签字、盖章）
地址： 浙江省杭州市余杭区闲林街道里东路 39 号 1 幢 0801 室
日期： 2024 年 10 月 17 日
尝试加载模板文件: expert.txt from /Users/charn/Desktop/qualificationReview/backend/chatbot/prompt_templetes/expert.txt
sending messages: [{'role': 'system', 'content': '你是一位招标审核专家，你的任务是根据招标书的部分内容审核应标书的部分内容是否达到要求，并针对不符合要求的部分提出修改意见。\n\n首先，请仔细阅读以下招标书的部分内容：\n<招标书>\n在《商务标.pdf》中找到相关内容：\n通禄门未来社区-城中路商住综合体(H1-2、H2-1地块)\n（项目名称）\n投 标 文 件\n（商务标资料）\n投标人： 浙江瑞邦科特检测有限公司 （盖单位章）\n法定代表人： （签字或盖章）\n2024 年 10 月 17 日\n\n在《商务标.pdf》中找到相关内容：\n一、投标报价函\n致： 江山市铖兴置业有限公司（招标人） ：\n1、根据已收到的 通禄门未来社区-城中路商住综合体(H1-2、H2-1地块)\n招标文件，我单位经过澄清疑问，充分理解并掌握本项目招标的全部有关情况。\n现经我单位认真分析研究，同意接受招标文件的全部条件并按此确定本项目投标\n的各项要约内容，以本投标文件向你方发包的 通禄门未来社区-城中路商住综\n合体(H1-2、H2-1地块) 招标文件全部内容进行投标，我单位投标的折扣报价为\n80.00 %（最多保留2为小数）；工期超出9个月部分的监测费用报价完全响应招\n标人要求。\n承诺按照招标文件要求承包上述项目的锚杆检测、基坑支护监测工作，并承\n担相应责任。\n2、如果我单位中标，将派出 吴黎明 为项目负责人，身份证号码：\n412825198510290534 、注册证号为 AY155100954 、联系电话 15190200096 。\n3、如我单位中标，我单位承诺在招标文件规定的时间内与发包人签订合同，\n并递交履约保证金，履行规定的一切责任和义务。\n4、如我单位中标，在工期方面我公司保证按合同签订的工期完成交办的单\n个工程的检测或监测任务，否则，按招标文件规定接受处罚。\n5、如我单位中标，我单位将严格按国家现行相关技术规范、标准及我单位\n制定的检测和监测方案工作，在保证质量、确保安全的前提下，按期交付检测和\n监测报告。\n6、我单位同意所递交的投标文件在招标文件规定的投标有效期内有效，在\n此有效期内，全部条款内容对我单位具有约束力。\n7、除非另外达成协议并生效，贵方的中标通知书和本投标文件将成为约束\n双方的合同文件的组成部分。\n投标人： 浙江瑞邦科特检测有限公司 （盖章）\n法定代表人： （签字、盖章）\n地址： 浙江省杭州市余杭区闲林街道里东路 39 号 1 幢 0801 室\n日期： 2024 年 10 月 17 日\n</招标书>\n\n然后，请阅读应标书的部分内容：\n<应标书>\noffer\n</应标书>\n\n在审核时，请按照以下标准和流程进行：\n1. 逐一核对招标书中提出的各项要求（如技术规格、服务内容、资质条件等）与应标书中对应的内容。\n2. 对于应标书中与招标书要求不符的部分，记录下来。\n\n请开始你的审核工作。'}, {'role': 'user', 'content': '有什么内容？'}, {'role': 'user', 'content': '有什么内容？'}]
------------------------------
HTTP Request: POST https://open.bigmodel.cn/api/paas/v4/chat/completions "HTTP/1.1 200 OK"
==================================================
新的聊天请求
用户输入: 招标书包括什么内容
会话ID: 115
------------------------------
get history from cache:
[{'role': 'user', 'content': '有什么内容？'}, {'role': 'assistant', 'content': '很抱歉，您提供的信息中并没有包含《应标书》的具体内容。为了进行审核，我需要看到《应标书》的具体内容，以便与《招标书》中的要求进行比对。\n\n请提供《应标书》的相应内容，或者至少提供《应标书》中与《招标书》相关部分的内容，这样我才能根据您的要求进行审核。'}]
HTTP Request: POST https://open.bigmodel.cn/api/paas/v4/chat/completions "HTTP/1.1 200 OK"
优化后的查询: 优化查询：请提供关于招标文件内容的详细清单，包括招标公告、投标须知、技术规格、评标标准、合同条款等关键组成部分。
session_id: 115
搜索会话 115 的文档，查询: 优化查询：请提供关于招标文件内容的详细清单，包括招标公告、投标须知、技术规格、评标标准、合同条款等关键组成部分。
查询文本(query): 优化查询：请提供关于招标文件内容的详细清单，包括招标公告、投标须知、技术规格、评标标准、合同条款等关键组成部分。
HTTP Request: POST https://open.bigmodel.cn/api/paas/v4/embeddings "HTTP/1.1 200 OK"
查询 == 优化查询：请提供关于招标文件内容的详细清单，包括招标公告、投标须知、技术规格、评标标准、合同条款等关键组成部分。
加载向量存储: /Users/charn/Desktop/qualificationReview/backend/media/vector_store/doc_18.faiss
检索到 2 条结果
检索结果: [{'content': '一、投标报价函\n致： 江山市铖兴置业有限公司（招标人） ：\n1、根据已收到的 通禄门未来社区-城中路商住综合体(H1-2、H2-1地块)\n招标文件，我单位经过澄清疑问，充分理解并掌握本项目招标的全部有关情况。\n现经我单位认真分析研究，同意接受招标文件的全部条件并按此确定本项目投标\n的各项要约内容，以本投标文件向你方发包的 通禄门未来社区-城中路商住综\n合体(H1-2、H2-1地块) 招标文件全部内容进行投标，我单位投标的折扣报价为\n80.00 %（最多保留2为小数）；工期超出9个月部分的监测费用报价完全响应招\n标人要求。\n承诺按照招标文件要求承包上述项目的锚杆检测、基坑支护监测工作，并承\n担相应责任。\n2、如果我单位中标，将派出 吴黎明 为项目负责人，身份证号码：\n412825198510290534 、注册证号为 AY155100954 、联系电话 15190200096 。\n3、如我单位中标，我单位承诺在招标文件规定的时间内与发包人签订合同，\n并递交履约保证金，履行规定的一切责任和义务。\n4、如我单位中标，在工期方面我公司保证按合同签订的工期完成交办的单\n个工程的检测或监测任务，否则，按招标文件规定接受处罚。\n5、如我单位中标，我单位将严格按国家现行相关技术规范、标准及我单位\n制定的检测和监测方案工作，在保证质量、确保安全的前提下，按期交付检测和\n监测报告。\n6、我单位同意所递交的投标文件在招标文件规定的投标有效期内有效，在\n此有效期内，全部条款内容对我单位具有约束力。\n7、除非另外达成协议并生效，贵方的中标通知书和本投标文件将成为约束\n双方的合同文件的组成部分。\n投标人： 浙江瑞邦科特检测有限公司 （盖章）\n法定代表人： （签字、盖章）\n地址： 浙江省杭州市余杭区闲林街道里东路 39 号 1 幢 0801 室\n日期： 2024 年 10 月 17 日', 'metadata': {}, 'score': 1.0152819}, {'content': '通禄门未来社区-城中路商住综合体(H1-2、H2-1地块)\n（项目名称）\n投 标 文 件\n（商务标资料）\n投标人： 浙江瑞邦科特检测有限公司 （盖单位章）\n法定代表人： （签字或盖章）\n2024 年 10 月 17 日', 'metadata': {}, 'score': 1.2843568}]
找到 2 条相关内容
检索到的相关文档: [{'content': '通禄门未来社区-城中路商住综合体(H1-2、H2-1地块)\n（项目名称）\n投 标 文 件\n（商务标资料）\n投标人： 浙江瑞邦科特检测有限公司 （盖单位章）\n法定代表人： （签字或盖章）\n2024 年 10 月 17 日', 'metadata': {}, 'score': 1.2843568, 'document_title': '商务标.pdf'}, {'content': '一、投标报价函\n致： 江山市铖兴置业有限公司（招标人） ：\n1、根据已收到的 通禄门未来社区-城中路商住综合体(H1-2、H2-1地块)\n招标文件，我单位经过澄清疑问，充分理解并掌握本项目招标的全部有关情况。\n现经我单位认真分析研究，同意接受招标文件的全部条件并按此确定本项目投标\n的各项要约内容，以本投标文件向你方发包的 通禄门未来社区-城中路商住综\n合体(H1-2、H2-1地块) 招标文件全部内容进行投标，我单位投标的折扣报价为\n80.00 %（最多保留2为小数）；工期超出9个月部分的监测费用报价完全响应招\n标人要求。\n承诺按照招标文件要求承包上述项目的锚杆检测、基坑支护监测工作，并承\n担相应责任。\n2、如果我单位中标，将派出 吴黎明 为项目负责人，身份证号码：\n412825198510290534 、注册证号为 AY155100954 、联系电话 15190200096 。\n3、如我单位中标，我单位承诺在招标文件规定的时间内与发包人签订合同，\n并递交履约保证金，履行规定的一切责任和义务。\n4、如我单位中标，在工期方面我公司保证按合同签订的工期完成交办的单\n个工程的检测或监测任务，否则，按招标文件规定接受处罚。\n5、如我单位中标，我单位将严格按国家现行相关技术规范、标准及我单位\n制定的检测和监测方案工作，在保证质量、确保安全的前提下，按期交付检测和\n监测报告。\n6、我单位同意所递交的投标文件在招标文件规定的投标有效期内有效，在\n此有效期内，全部条款内容对我单位具有约束力。\n7、除非另外达成协议并生效，贵方的中标通知书和本投标文件将成为约束\n双方的合同文件的组成部分。\n投标人： 浙江瑞邦科特检测有限公司 （盖章）\n法定代表人： （签字、盖章）\n地址： 浙江省杭州市余杭区闲林街道里东路 39 号 1 幢 0801 室\n日期： 2024 年 10 月 17 日', 'metadata': {}, 'score': 1.0152819, 'document_title': '商务标.pdf'}]
构建的上下文: 在《商务标.pdf》中找到相关内容：
通禄门未来社区-城中路商住综合体(H1-2、H2-1地块)
（项目名称）
投 标 文 件
（商务标资料）
投标人： 浙江瑞邦科特检测有限公司 （盖单位章）
法定代表人： （签字或盖章）
2024 年 10 月 17 日

在《商务标.pdf》中找到相关内容：
一、投标报价函
致： 江山市铖兴置业有限公司（招标人） ：
1、根据已收到的 通禄门未来社区-城中路商住综合体(H1-2、H2-1地块)
招标文件，我单位经过澄清疑问，充分理解并掌握本项目招标的全部有关情况。
现经我单位认真分析研究，同意接受招标文件的全部条件并按此确定本项目投标
的各项要约内容，以本投标文件向你方发包的 通禄门未来社区-城中路商住综
合体(H1-2、H2-1地块) 招标文件全部内容进行投标，我单位投标的折扣报价为
80.00 %（最多保留2为小数）；工期超出9个月部分的监测费用报价完全响应招
标人要求。
承诺按照招标文件要求承包上述项目的锚杆检测、基坑支护监测工作，并承
担相应责任。
2、如果我单位中标，将派出 吴黎明 为项目负责人，身份证号码：
412825198510290534 、注册证号为 AY155100954 、联系电话 15190200096 。
3、如我单位中标，我单位承诺在招标文件规定的时间内与发包人签订合同，
并递交履约保证金，履行规定的一切责任和义务。
4、如我单位中标，在工期方面我公司保证按合同签订的工期完成交办的单
个工程的检测或监测任务，否则，按招标文件规定接受处罚。
5、如我单位中标，我单位将严格按国家现行相关技术规范、标准及我单位
制定的检测和监测方案工作，在保证质量、确保安全的前提下，按期交付检测和
监测报告。
6、我单位同意所递交的投标文件在招标文件规定的投标有效期内有效，在
此有效期内，全部条款内容对我单位具有约束力。
7、除非另外达成协议并生效，贵方的中标通知书和本投标文件将成为约束
双方的合同文件的组成部分。
投标人： 浙江瑞邦科特检测有限公司 （盖章）
法定代表人： （签字、盖章）
地址： 浙江省杭州市余杭区闲林街道里东路 39 号 1 幢 0801 室
日期： 2024 年 10 月 17 日
尝试加载模板文件: expert.txt from /Users/charn/Desktop/qualificationReview/backend/chatbot/prompt_templetes/expert.txt
sending messages: [{'role': 'system', 'content': '你是一位招标审核专家，你的任务是根据招标书的部分内容审核应标书的部分内容是否达到要求，并针对不符合要求的部分提出修改意见。\n\n首先，请仔细阅读以下招标书的部分内容：\n<招标书>\n在《商务标.pdf》中找到相关内容：\n通禄门未来社区-城中路商住综合体(H1-2、H2-1地块)\n（项目名称）\n投 标 文 件\n（商务标资料）\n投标人： 浙江瑞邦科特检测有限公司 （盖单位章）\n法定代表人： （签字或盖章）\n2024 年 10 月 17 日\n\n在《商务标.pdf》中找到相关内容：\n一、投标报价函\n致： 江山市铖兴置业有限公司（招标人） ：\n1、根据已收到的 通禄门未来社区-城中路商住综合体(H1-2、H2-1地块)\n招标文件，我单位经过澄清疑问，充分理解并掌握本项目招标的全部有关情况。\n现经我单位认真分析研究，同意接受招标文件的全部条件并按此确定本项目投标\n的各项要约内容，以本投标文件向你方发包的 通禄门未来社区-城中路商住综\n合体(H1-2、H2-1地块) 招标文件全部内容进行投标，我单位投标的折扣报价为\n80.00 %（最多保留2为小数）；工期超出9个月部分的监测费用报价完全响应招\n标人要求。\n承诺按照招标文件要求承包上述项目的锚杆检测、基坑支护监测工作，并承\n担相应责任。\n2、如果我单位中标，将派出 吴黎明 为项目负责人，身份证号码：\n412825198510290534 、注册证号为 AY155100954 、联系电话 15190200096 。\n3、如我单位中标，我单位承诺在招标文件规定的时间内与发包人签订合同，\n并递交履约保证金，履行规定的一切责任和义务。\n4、如我单位中标，在工期方面我公司保证按合同签订的工期完成交办的单\n个工程的检测或监测任务，否则，按招标文件规定接受处罚。\n5、如我单位中标，我单位将严格按国家现行相关技术规范、标准及我单位\n制定的检测和监测方案工作，在保证质量、确保安全的前提下，按期交付检测和\n监测报告。\n6、我单位同意所递交的投标文件在招标文件规定的投标有效期内有效，在\n此有效期内，全部条款内容对我单位具有约束力。\n7、除非另外达成协议并生效，贵方的中标通知书和本投标文件将成为约束\n双方的合同文件的组成部分。\n投标人： 浙江瑞邦科特检测有限公司 （盖章）\n法定代表人： （签字、盖章）\n地址： 浙江省杭州市余杭区闲林街道里东路 39 号 1 幢 0801 室\n日期： 2024 年 10 月 17 日\n</招标书>\n\n然后，请阅读应标书的部分内容：\n<应标书>\noffer\n</应标书>\n\n在审核时，请按照以下标准和流程进行：\n1. 逐一核对招标书中提出的各项要求（如技术规格、服务内容、资质条件等）与应标书中对应的内容。\n2. 对于应标书中与招标书要求不符的部分，记录下来。\n\n请开始你的审核工作。'}, {'role': 'user', 'content': '有什么内容？'}, {'role': 'assistant', 'content': '很抱歉，您提供的信息中并没有包含《应标书》的具体内容。为了进行审核，我需要看到《应标书》的具体内容，以便与《招标书》中的要求进行比对。\n\n请提供《应标书》的相应内容，或者至少提供《应标书》中与《招标书》相关部分的内容，这样我才能根据您的要求进行审核。'}, {'role': 'user', 'content': '招标书包括什么内容'}, {'role': 'user', 'content': '招标书包括什么内容'}]
------------------------------
HTTP Request: POST https://open.bigmodel.cn/api/paas/v4/chat/completions "HTTP/1.1 200 OK"
==================================================
新的聊天请求
用户输入: 我提供给你的招标书包括什么内容
会话ID: 115
------------------------------
get history from cache:
[{'role': 'user', 'content': '有什么内容？'}, {'role': 'assistant', 'content': '很抱歉，您提供的信息中并没有包含《应标书》的具体内容。为了进行审核，我需要看到《应标书》的具体内容，以便与《招标书》中的要求进行比对。\n\n请提供《应标书》的相应内容，或者至少提供《应标书》中与《招标书》相关部分的内容，这样我才能根据您的要求进行审核。'}, {'role': 'user', 'content': '招标书包括什么内容'}, {'role': 'assistant', 'content': '招标书是招标过程中用以详细说明招标项目各项要求、条件以及投标人应如何响应的文件。以下是一份典型的招标书可能包含的内容：\n\n1. **封面信息**：\n   - 项目名称\n   - 招标单位名称\n   - 招标文件编号\n   - 发布日期\n\n2. **招标公告**：\n   - 招标项目的简要描述\n   - 招标范围和内容\n   - 投标人资格要求\n   - 招标文件的获取方式\n   - 投标截止日期\n   - 开标时间和地点\n\n3. **投标人须知**：\n   - 招标项目的背景和目的\n   - 招标文件的组成和格式要求\n   - 投标文件的编制要求\n   - 投标保证金的要求\n   - 投标过程中的禁止行为\n   - 开标、评标和定标程序\n\n4. **技术规格和要求**：\n   - 对招标项目的技术参数、性能标准、质量要求等进行详细描述\n   - 对材料、设备、服务等的详细规格说明\n   - 设计图纸和技术文件\n\n5. **商务条款**：\n   - 投标报价的编制规则\n   - 付款方式及条件\n   - 合同履行及违约责任\n   - 保险要求\n   - 税收承担\n\n6. **投标文件要求**：\n   - 投标文件的内容和格式要求\n   - 投标文件的提交方式\n   - 投标文件的密封和标识要求\n\n7. **评标标准和方法**：\n   - 评标委员会的组成和职责\n   - 评标的标准和原则\n   - 评标的方法和程序\n   - 评审结果的公示和争议解决\n\n8. **附件**：\n   - 招标项目的补充说明\n   - 相关法律法规和政策文件\n   - 招标单位的联系信息\n\n请注意，不同的招标项目可能会有特定的要求和内容，上述列表仅供参考。在具体的项目中，招标书可能会根据项目的性质和需求有所不同。'}]
HTTP Request: POST https://open.bigmodel.cn/api/paas/v4/chat/completions "HTTP/1.1 200 OK"
优化后的查询: 查询优化后：
请提供具体招标项目名称，并描述招标书中应包含的关键内容，如投标邀请函、投标人须知、评标标准、投标文件要求、合同条款等招投标文件组成要素。
session_id: 115
搜索会话 115 的文档，查询: 查询优化后：
请提供具体招标项目名称，并描述招标书中应包含的关键内容，如投标邀请函、投标人须知、评标标准、投标文件要求、合同条款等招投标文件组成要素。
查询文本(query): 查询优化后：
请提供具体招标项目名称，并描述招标书中应包含的关键内容，如投标邀请函、投标人须知、评标标准、投标文件要求、合同条款等招投标文件组成要素。
HTTP Request: POST https://open.bigmodel.cn/api/paas/v4/embeddings "HTTP/1.1 200 OK"
查询 == 查询优化后：
请提供具体招标项目名称，并描述招标书中应包含的关键内容，如投标邀请函、投标人须知、评标标准、投标文件要求、合同条款等招投标文件组成要素。
加载向量存储: /Users/charn/Desktop/qualificationReview/backend/media/vector_store/doc_18.faiss
检索到 2 条结果
检索结果: [{'content': '一、投标报价函\n致： 江山市铖兴置业有限公司（招标人） ：\n1、根据已收到的 通禄门未来社区-城中路商住综合体(H1-2、H2-1地块)\n招标文件，我单位经过澄清疑问，充分理解并掌握本项目招标的全部有关情况。\n现经我单位认真分析研究，同意接受招标文件的全部条件并按此确定本项目投标\n的各项要约内容，以本投标文件向你方发包的 通禄门未来社区-城中路商住综\n合体(H1-2、H2-1地块) 招标文件全部内容进行投标，我单位投标的折扣报价为\n80.00 %（最多保留2为小数）；工期超出9个月部分的监测费用报价完全响应招\n标人要求。\n承诺按照招标文件要求承包上述项目的锚杆检测、基坑支护监测工作，并承\n担相应责任。\n2、如果我单位中标，将派出 吴黎明 为项目负责人，身份证号码：\n412825198510290534 、注册证号为 AY155100954 、联系电话 15190200096 。\n3、如我单位中标，我单位承诺在招标文件规定的时间内与发包人签订合同，\n并递交履约保证金，履行规定的一切责任和义务。\n4、如我单位中标，在工期方面我公司保证按合同签订的工期完成交办的单\n个工程的检测或监测任务，否则，按招标文件规定接受处罚。\n5、如我单位中标，我单位将严格按国家现行相关技术规范、标准及我单位\n制定的检测和监测方案工作，在保证质量、确保安全的前提下，按期交付检测和\n监测报告。\n6、我单位同意所递交的投标文件在招标文件规定的投标有效期内有效，在\n此有效期内，全部条款内容对我单位具有约束力。\n7、除非另外达成协议并生效，贵方的中标通知书和本投标文件将成为约束\n双方的合同文件的组成部分。\n投标人： 浙江瑞邦科特检测有限公司 （盖章）\n法定代表人： （签字、盖章）\n地址： 浙江省杭州市余杭区闲林街道里东路 39 号 1 幢 0801 室\n日期： 2024 年 10 月 17 日', 'metadata': {}, 'score': 0.94366646}, {'content': '通禄门未来社区-城中路商住综合体(H1-2、H2-1地块)\n（项目名称）\n投 标 文 件\n（商务标资料）\n投标人： 浙江瑞邦科特检测有限公司 （盖单位章）\n法定代表人： （签字或盖章）\n2024 年 10 月 17 日', 'metadata': {}, 'score': 1.2080829}]
找到 2 条相关内容
检索到的相关文档: [{'content': '通禄门未来社区-城中路商住综合体(H1-2、H2-1地块)\n（项目名称）\n投 标 文 件\n（商务标资料）\n投标人： 浙江瑞邦科特检测有限公司 （盖单位章）\n法定代表人： （签字或盖章）\n2024 年 10 月 17 日', 'metadata': {}, 'score': 1.2080829, 'document_title': '商务标.pdf'}, {'content': '一、投标报价函\n致： 江山市铖兴置业有限公司（招标人） ：\n1、根据已收到的 通禄门未来社区-城中路商住综合体(H1-2、H2-1地块)\n招标文件，我单位经过澄清疑问，充分理解并掌握本项目招标的全部有关情况。\n现经我单位认真分析研究，同意接受招标文件的全部条件并按此确定本项目投标\n的各项要约内容，以本投标文件向你方发包的 通禄门未来社区-城中路商住综\n合体(H1-2、H2-1地块) 招标文件全部内容进行投标，我单位投标的折扣报价为\n80.00 %（最多保留2为小数）；工期超出9个月部分的监测费用报价完全响应招\n标人要求。\n承诺按照招标文件要求承包上述项目的锚杆检测、基坑支护监测工作，并承\n担相应责任。\n2、如果我单位中标，将派出 吴黎明 为项目负责人，身份证号码：\n412825198510290534 、注册证号为 AY155100954 、联系电话 15190200096 。\n3、如我单位中标，我单位承诺在招标文件规定的时间内与发包人签订合同，\n并递交履约保证金，履行规定的一切责任和义务。\n4、如我单位中标，在工期方面我公司保证按合同签订的工期完成交办的单\n个工程的检测或监测任务，否则，按招标文件规定接受处罚。\n5、如我单位中标，我单位将严格按国家现行相关技术规范、标准及我单位\n制定的检测和监测方案工作，在保证质量、确保安全的前提下，按期交付检测和\n监测报告。\n6、我单位同意所递交的投标文件在招标文件规定的投标有效期内有效，在\n此有效期内，全部条款内容对我单位具有约束力。\n7、除非另外达成协议并生效，贵方的中标通知书和本投标文件将成为约束\n双方的合同文件的组成部分。\n投标人： 浙江瑞邦科特检测有限公司 （盖章）\n法定代表人： （签字、盖章）\n地址： 浙江省杭州市余杭区闲林街道里东路 39 号 1 幢 0801 室\n日期： 2024 年 10 月 17 日', 'metadata': {}, 'score': 0.94366646, 'document_title': '商务标.pdf'}]
构建的上下文: 在《商务标.pdf》中找到相关内容：
通禄门未来社区-城中路商住综合体(H1-2、H2-1地块)
（项目名称）
投 标 文 件
（商务标资料）
投标人： 浙江瑞邦科特检测有限公司 （盖单位章）
法定代表人： （签字或盖章）
2024 年 10 月 17 日

在《商务标.pdf》中找到相关内容：
一、投标报价函
致： 江山市铖兴置业有限公司（招标人） ：
1、根据已收到的 通禄门未来社区-城中路商住综合体(H1-2、H2-1地块)
招标文件，我单位经过澄清疑问，充分理解并掌握本项目招标的全部有关情况。
现经我单位认真分析研究，同意接受招标文件的全部条件并按此确定本项目投标
的各项要约内容，以本投标文件向你方发包的 通禄门未来社区-城中路商住综
合体(H1-2、H2-1地块) 招标文件全部内容进行投标，我单位投标的折扣报价为
80.00 %（最多保留2为小数）；工期超出9个月部分的监测费用报价完全响应招
标人要求。
承诺按照招标文件要求承包上述项目的锚杆检测、基坑支护监测工作，并承
担相应责任。
2、如果我单位中标，将派出 吴黎明 为项目负责人，身份证号码：
412825198510290534 、注册证号为 AY155100954 、联系电话 15190200096 。
3、如我单位中标，我单位承诺在招标文件规定的时间内与发包人签订合同，
并递交履约保证金，履行规定的一切责任和义务。
4、如我单位中标，在工期方面我公司保证按合同签订的工期完成交办的单
个工程的检测或监测任务，否则，按招标文件规定接受处罚。
5、如我单位中标，我单位将严格按国家现行相关技术规范、标准及我单位
制定的检测和监测方案工作，在保证质量、确保安全的前提下，按期交付检测和
监测报告。
6、我单位同意所递交的投标文件在招标文件规定的投标有效期内有效，在
此有效期内，全部条款内容对我单位具有约束力。
7、除非另外达成协议并生效，贵方的中标通知书和本投标文件将成为约束
双方的合同文件的组成部分。
投标人： 浙江瑞邦科特检测有限公司 （盖章）
法定代表人： （签字、盖章）
地址： 浙江省杭州市余杭区闲林街道里东路 39 号 1 幢 0801 室
日期： 2024 年 10 月 17 日
尝试加载模板文件: expert.txt from /Users/charn/Desktop/qualificationReview/backend/chatbot/prompt_templetes/expert.txt
sending messages: [{'role': 'system', 'content': '你是一位招标审核专家，你的任务是根据招标书的部分内容审核应标书的部分内容是否达到要求，并针对不符合要求的部分提出修改意见。\n\n首先，请仔细阅读以下招标书的部分内容：\n<招标书>\n在《商务标.pdf》中找到相关内容：\n通禄门未来社区-城中路商住综合体(H1-2、H2-1地块)\n（项目名称）\n投 标 文 件\n（商务标资料）\n投标人： 浙江瑞邦科特检测有限公司 （盖单位章）\n法定代表人： （签字或盖章）\n2024 年 10 月 17 日\n\n在《商务标.pdf》中找到相关内容：\n一、投标报价函\n致： 江山市铖兴置业有限公司（招标人） ：\n1、根据已收到的 通禄门未来社区-城中路商住综合体(H1-2、H2-1地块)\n招标文件，我单位经过澄清疑问，充分理解并掌握本项目招标的全部有关情况。\n现经我单位认真分析研究，同意接受招标文件的全部条件并按此确定本项目投标\n的各项要约内容，以本投标文件向你方发包的 通禄门未来社区-城中路商住综\n合体(H1-2、H2-1地块) 招标文件全部内容进行投标，我单位投标的折扣报价为\n80.00 %（最多保留2为小数）；工期超出9个月部分的监测费用报价完全响应招\n标人要求。\n承诺按照招标文件要求承包上述项目的锚杆检测、基坑支护监测工作，并承\n担相应责任。\n2、如果我单位中标，将派出 吴黎明 为项目负责人，身份证号码：\n412825198510290534 、注册证号为 AY155100954 、联系电话 15190200096 。\n3、如我单位中标，我单位承诺在招标文件规定的时间内与发包人签订合同，\n并递交履约保证金，履行规定的一切责任和义务。\n4、如我单位中标，在工期方面我公司保证按合同签订的工期完成交办的单\n个工程的检测或监测任务，否则，按招标文件规定接受处罚。\n5、如我单位中标，我单位将严格按国家现行相关技术规范、标准及我单位\n制定的检测和监测方案工作，在保证质量、确保安全的前提下，按期交付检测和\n监测报告。\n6、我单位同意所递交的投标文件在招标文件规定的投标有效期内有效，在\n此有效期内，全部条款内容对我单位具有约束力。\n7、除非另外达成协议并生效，贵方的中标通知书和本投标文件将成为约束\n双方的合同文件的组成部分。\n投标人： 浙江瑞邦科特检测有限公司 （盖章）\n法定代表人： （签字、盖章）\n地址： 浙江省杭州市余杭区闲林街道里东路 39 号 1 幢 0801 室\n日期： 2024 年 10 月 17 日\n</招标书>\n\n然后，请阅读应标书的部分内容：\n<应标书>\noffer\n</应标书>\n\n在审核时，请按照以下标准和流程进行：\n1. 逐一核对招标书中提出的各项要求（如技术规格、服务内容、资质条件等）与应标书中对应的内容。\n2. 对于应标书中与招标书要求不符的部分，记录下来。\n\n请开始你的审核工作。'}, {'role': 'user', 'content': '有什么内容？'}, {'role': 'assistant', 'content': '很抱歉，您提供的信息中并没有包含《应标书》的具体内容。为了进行审核，我需要看到《应标书》的具体内容，以便与《招标书》中的要求进行比对。\n\n请提供《应标书》的相应内容，或者至少提供《应标书》中与《招标书》相关部分的内容，这样我才能根据您的要求进行审核。'}, {'role': 'user', 'content': '招标书包括什么内容'}, {'role': 'assistant', 'content': '招标书是招标过程中用以详细说明招标项目各项要求、条件以及投标人应如何响应的文件。以下是一份典型的招标书可能包含的内容：\n\n1. **封面信息**：\n   - 项目名称\n   - 招标单位名称\n   - 招标文件编号\n   - 发布日期\n\n2. **招标公告**：\n   - 招标项目的简要描述\n   - 招标范围和内容\n   - 投标人资格要求\n   - 招标文件的获取方式\n   - 投标截止日期\n   - 开标时间和地点\n\n3. **投标人须知**：\n   - 招标项目的背景和目的\n   - 招标文件的组成和格式要求\n   - 投标文件的编制要求\n   - 投标保证金的要求\n   - 投标过程中的禁止行为\n   - 开标、评标和定标程序\n\n4. **技术规格和要求**：\n   - 对招标项目的技术参数、性能标准、质量要求等进行详细描述\n   - 对材料、设备、服务等的详细规格说明\n   - 设计图纸和技术文件\n\n5. **商务条款**：\n   - 投标报价的编制规则\n   - 付款方式及条件\n   - 合同履行及违约责任\n   - 保险要求\n   - 税收承担\n\n6. **投标文件要求**：\n   - 投标文件的内容和格式要求\n   - 投标文件的提交方式\n   - 投标文件的密封和标识要求\n\n7. **评标标准和方法**：\n   - 评标委员会的组成和职责\n   - 评标的标准和原则\n   - 评标的方法和程序\n   - 评审结果的公示和争议解决\n\n8. **附件**：\n   - 招标项目的补充说明\n   - 相关法律法规和政策文件\n   - 招标单位的联系信息\n\n请注意，不同的招标项目可能会有特定的要求和内容，上述列表仅供参考。在具体的项目中，招标书可能会根据项目的性质和需求有所不同。'}, {'role': 'user', 'content': '我提供给你的招标书包括什么内容'}, {'role': 'user', 'content': '我提供给你的招标书包括什么内容'}]
------------------------------
HTTP Request: POST https://open.bigmodel.cn/api/paas/v4/chat/completions "HTTP/1.1 200 OK"
/Users/charn/Desktop/qualificationReview/backend/chatbot/documentSearch.py changed, reloading.
Watching for file changes with StatReloader
/Users/charn/Desktop/qualificationReview/backend/chatbot/documentSearch.py changed, reloading.
Watching for file changes with StatReloader
/Users/charn/Desktop/qualificationReview/backend/chatbot/connectLLM.py changed, reloading.
Watching for file changes with StatReloader
